<?xml version="1.0" encoding="UTF-8"?>
<!-- Generated by org.testng.reporters.JUnitReportReporter -->
<testsuite hostname="DESKTOP-L36UF7O" failures="0" tests="1" name="test.Login" time="4.682" errors="0" timestamp="2025-03-19T09:49:30 EDT" skipped="0">
  <testcase classname="test.Login" name="login" time="4.682"/>
  <system-out/>
</testsuite> <!-- test.Login -->
